#
# There is insufficient memory for the Java Runtime Environment to continue.
# Native memory allocation (malloc) failed to allocate 32744 bytes for ChunkPool::allocate
# Possible reasons:
#   The system is out of physical RAM or swap space
#   In 32 bit mode, the process size limit was hit
# Possible solutions:
#   Reduce memory load on the system
#   Increase physical memory or swap space
#   Check if swap backing store is full
#   Use 64 bit Java on a 64 bit OS
#   Decrease Java heap size (-Xmx/-Xms)
#   Decrease number of Java threads
#   Decrease Java thread stack sizes (-Xss)
#   Set larger code cache with -XX:ReservedCodeCacheSize=
# This output file may be truncated or incomplete.
#
#  Out of Memory Error (allocation.cpp:273), pid=3640, tid=13152
#
# JRE version: Java(TM) SE Runtime Environment (8.0_91-b15) (build 1.8.0_91-b15)
# Java VM: Java HotSpot(TM) 64-Bit Server VM (25.91-b15 mixed mode windows-amd64 compressed oops)
# Failed to write core dump. Minidumps are not enabled by default on client versions of Windows
#

---------------  T H R E A D  ---------------

Current thread (0x0000000019780800):  JavaThread "C2 CompilerThread1" daemon [_thread_in_native, id=13152, stack(0x0000000019b80000,0x0000000019c80000)]

Stack: [0x0000000019b80000,0x0000000019c80000]
[error occurred during error reporting (printing stack bounds), id 0xc0000005]

Native frames: (J=compiled Java code, j=interpreted, Vv=VM code, C=native code)


Current CompileTask:
C2: 452227 2873   !   4       sun.awt.PostEventQueue::flush (168 bytes)


---------------  P R O C E S S  ---------------

Java Threads: ( => current thread )
  0x000000001a626800 JavaThread "Keep-Alive-Timer" daemon [_thread_blocked, id=16044, stack(0x000000001e5b0000,0x000000001e6b0000)]
  0x000000001bf69000 JavaThread "TimerQueue" daemon [_thread_blocked, id=15200, stack(0x000000001e1b0000,0x000000001e2b0000)]
  0x000000001bf68000 JavaThread "DestroyJavaVM" [_thread_blocked, id=13384, stack(0x0000000003330000,0x0000000003430000)]
  0x000000001bf6c000 JavaThread "Thread-14" [_thread_blocked, id=7984, stack(0x000000001dfb0000,0x000000001e0b0000)]
  0x000000001bf67800 JavaThread "Thread-13" [_thread_blocked, id=15160, stack(0x000000001deb0000,0x000000001dfb0000)]
  0x000000001bf6b000 JavaThread "Thread-12" [_thread_blocked, id=6228, stack(0x000000001ddb0000,0x000000001deb0000)]
  0x000000001bf6a800 JavaThread "Thread-11" [_thread_blocked, id=11672, stack(0x000000001dcb0000,0x000000001ddb0000)]
  0x000000001bf69800 JavaThread "Thread-9" [_thread_blocked, id=12924, stack(0x000000001dab0000,0x000000001dbb0000)]
  0x000000001bf66800 JavaThread "Thread-8" [_thread_blocked, id=14364, stack(0x000000001d9b0000,0x000000001dab0000)]
  0x000000001bf66000 JavaThread "Thread-7" [_thread_blocked, id=12900, stack(0x000000001d8b0000,0x000000001d9b0000)]
  0x000000001ab91800 JavaThread "Thread-5" [_thread_blocked, id=13092, stack(0x000000001cdc0000,0x000000001cec0000)]
  0x000000001b876800 JavaThread "Thread-4" [_thread_blocked, id=5628, stack(0x000000001ccc0000,0x000000001cdc0000)]
  0x000000001b63b000 JavaThread "AWT-EventQueue-0" [_thread_blocked, id=13044, stack(0x000000001cbc0000,0x000000001ccc0000)]
  0x000000001a66f000 JavaThread "Thread-3" [_thread_blocked, id=15112, stack(0x000000001c8c0000,0x000000001c9c0000)]
  0x0000000019b78800 JavaThread "AWT-Windows" daemon [_thread_in_native, id=5852, stack(0x000000001a300000,0x000000001a400000)]
  0x0000000019b77800 JavaThread "AWT-Shutdown" [_thread_blocked, id=2484, stack(0x000000001a200000,0x000000001a300000)]
  0x0000000019b73000 JavaThread "Java2D Disposer" daemon [_thread_blocked, id=14272, stack(0x000000001a100000,0x000000001a200000)]
  0x000000001980a000 JavaThread "Service Thread" daemon [_thread_blocked, id=8776, stack(0x0000000019d80000,0x0000000019e80000)]
  0x0000000019785000 JavaThread "C1 CompilerThread2" daemon [_thread_blocked, id=13996, stack(0x0000000019c80000,0x0000000019d80000)]
=>0x0000000019780800 JavaThread "C2 CompilerThread1" daemon [_thread_in_native, id=13152, stack(0x0000000019b80000,0x0000000019c80000)]
  0x000000001817c800 JavaThread "C2 CompilerThread0" daemon [_thread_blocked, id=10636, stack(0x0000000019680000,0x0000000019780000)]
  0x000000001817b000 JavaThread "Attach Listener" daemon [_thread_blocked, id=1016, stack(0x0000000019580000,0x0000000019680000)]
  0x000000001817a800 JavaThread "Signal Dispatcher" daemon [_thread_blocked, id=12020, stack(0x0000000019480000,0x0000000019580000)]
  0x000000001810a800 JavaThread "Finalizer" daemon [_thread_blocked, id=1808, stack(0x0000000019380000,0x0000000019480000)]
  0x00000000035a0000 JavaThread "Reference Handler" daemon [_thread_blocked, id=15136, stack(0x0000000019280000,0x0000000019380000)]

Other Threads:
  0x00000000180e7000 VMThread [stack: 0x0000000019180000,0x0000000019280000] [id=10616]
  0x0000000019853800 WatcherThread [stack: 0x0000000019e80000,0x0000000019f80000] [id=3168]

VM state:not at safepoint (normal execution)

VM Mutex/Monitor currently owned by a thread: None

Heap:
 PSYoungGen      total 288256K, used 52898K [0x00000000d5c00000, 0x00000000edb80000, 0x0000000100000000)
  eden space 211456K, 4% used [0x00000000d5c00000,0x00000000d64e79e0,0x00000000e2a80000)
  from space 76800K, 57% used [0x00000000e9080000,0x00000000ebb41058,0x00000000edb80000)
  to   space 90624K, 0% used [0x00000000e2a80000,0x00000000e2a80000,0x00000000e8300000)
 ParOldGen       total 268800K, used 126677K [0x0000000081400000, 0x0000000091a80000, 0x00000000d5c00000)
  object space 268800K, 47% used [0x0000000081400000,0x0000000088fb5590,0x0000000091a80000)
 Metaspace       used 16845K, capacity 17096K, committed 17536K, reserved 1064960K
  class space    used 1986K, capacity 2062K, committed 2176K, reserved 1048576K

Card table byte_map: [0x0000000012970000,0x0000000012d70000] byte_map_base: 0x0000000012566000

Marking Bits: (ParMarkBitMap*) 0x000000005f632f70
 Begin Bits: [0x0000000013420000, 0x00000000153d0000)
 End Bits:   [0x00000000153d0000, 0x0000000017380000)

Polling page: 0x00000000017b0000

CodeCache: size=245760Kb used=9248Kb max_used=9263Kb free=236511Kb
 bounds [0x00000000035b0000, 0x0000000003ed0000, 0x00000000125b0000]
 total_blobs=3036 nmethods=2508 adapters=440
 compilation: enabled

Compilation events (10 events):
Event: 421.768 Thread 0x0000000019785000 nmethod 2865 0x00000000036eec10 code [0x00000000036eeda0, 0x00000000036ef198]
Event: 421.768 Thread 0x0000000019785000 2866       3       java.lang.Object::finalize (1 bytes)
Event: 421.768 Thread 0x0000000019785000 nmethod 2866 0x00000000036ee8d0 code [0x00000000036eea20, 0x00000000036eeb70]
Event: 421.783 Thread 0x0000000019780800 nmethod 2870 0x0000000003a45810 code [0x0000000003a459c0, 0x0000000003a46c98]
Event: 421.794 Thread 0x000000001817c800 nmethod 2869 0x00000000039a0fd0 code [0x00000000039a11c0, 0x00000000039a2278]
Event: 443.108 Thread 0x0000000019785000 2871  s    3       javax.swing.event.EventListenerList::remove (178 bytes)
Event: 443.109 Thread 0x0000000019785000 nmethod 2871 0x0000000003785510 code [0x00000000037857e0, 0x0000000003786f08]
Event: 451.105 Thread 0x000000001817c800 2872       4       java.awt.EventQueue::eventToCacheIndex (80 bytes)
Event: 451.106 Thread 0x000000001817c800 nmethod 2872 0x000000000382b610 code [0x000000000382b760, 0x000000000382b818]
Event: 452.115 Thread 0x0000000019780800 2873   !   4       sun.awt.PostEventQueue::flush (168 bytes)

GC Heap History (10 events):
Event: 17.095 GC heap before
{Heap before GC invocations=7 (full 2):
 PSYoungGen      total 121344K, used 113357K [0x00000000d5c00000, 0x00000000de800000, 0x0000000100000000)
  eden space 116224K, 97% used [0x00000000d5c00000,0x00000000dcab3530,0x00000000dcd80000)
  from space 5120K, 0% used [0x00000000de300000,0x00000000de300000,0x00000000de800000)
  to   space 5120K, 0% used [0x00000000dde00000,0x00000000dde00000,0x00000000de300000)
 ParOldGen       total 236032K, used 90469K [0x0000000081400000, 0x000000008fa80000, 0x00000000d5c00000)
  object space 236032K, 38% used [0x0000000081400000,0x0000000086c595d0,0x000000008fa80000)
 Metaspace       used 16031K, capacity 16296K, committed 16640K, reserved 1064960K
  class space    used 1963K, capacity 2030K, committed 2048K, reserved 1048576K
Event: 17.133 GC heap after
Heap after GC invocations=7 (full 2):
 PSYoungGen      total 138240K, used 4468K [0x00000000d5c00000, 0x00000000e9680000, 0x0000000100000000)
  eden space 133120K, 0% used [0x00000000d5c00000,0x00000000d5c00000,0x00000000dde00000)
  from space 5120K, 87% used [0x00000000dde00000,0x00000000de25d0f0,0x00000000de300000)
  to   space 75264K, 0% used [0x00000000e4d00000,0x00000000e4d00000,0x00000000e9680000)
 ParOldGen       total 236032K, used 159185K [0x0000000081400000, 0x000000008fa80000, 0x00000000d5c00000)
  object space 236032K, 67% used [0x0000000081400000,0x000000008af74710,0x000000008fa80000)
 Metaspace       used 16031K, capacity 16296K, committed 16640K, reserved 1064960K
  class space    used 1963K, capacity 2030K, committed 2048K, reserved 1048576K
}
Event: 17.133 GC heap before
{Heap before GC invocations=8 (full 3):
 PSYoungGen      total 138240K, used 4468K [0x00000000d5c00000, 0x00000000e9680000, 0x0000000100000000)
  eden space 133120K, 0% used [0x00000000d5c00000,0x00000000d5c00000,0x00000000dde00000)
  from space 5120K, 87% used [0x00000000dde00000,0x00000000de25d0f0,0x00000000de300000)
  to   space 75264K, 0% used [0x00000000e4d00000,0x00000000e4d00000,0x00000000e9680000)
 ParOldGen       total 236032K, used 159185K [0x0000000081400000, 0x000000008fa80000, 0x00000000d5c00000)
  object space 236032K, 67% used [0x0000000081400000,0x000000008af74710,0x000000008fa80000)
 Metaspace       used 16031K, capacity 16296K, committed 16640K, reserved 1064960K
  class space    used 1963K, capacity 2030K, committed 2048K, reserved 1048576K
Event: 17.217 GC heap after
Heap after GC invocations=8 (full 3):
 PSYoungGen      total 138240K, used 0K [0x00000000d5c00000, 0x00000000e9680000, 0x0000000100000000)
  eden space 133120K, 0% used [0x00000000d5c00000,0x00000000d5c00000,0x00000000dde00000)
  from space 5120K, 0% used [0x00000000dde00000,0x00000000dde00000,0x00000000de300000)
  to   space 75264K, 0% used [0x00000000e4d00000,0x00000000e4d00000,0x00000000e9680000)
 ParOldGen       total 268800K, used 94253K [0x0000000081400000, 0x0000000091a80000, 0x00000000d5c00000)
  object space 268800K, 35% used [0x0000000081400000,0x000000008700b560,0x0000000091a80000)
 Metaspace       used 16031K, capacity 16296K, committed 16640K, reserved 1064960K
  class space    used 1963K, capacity 2030K, committed 2048K, reserved 1048576K
}
Event: 27.312 GC heap before
{Heap before GC invocations=9 (full 3):
 PSYoungGen      total 138240K, used 133120K [0x00000000d5c00000, 0x00000000e9680000, 0x0000000100000000)
  eden space 133120K, 100% used [0x00000000d5c00000,0x00000000dde00000,0x00000000dde00000)
  from space 5120K, 0% used [0x00000000dde00000,0x00000000dde00000,0x00000000de300000)
  to   space 75264K, 0% used [0x00000000e4d00000,0x00000000e4d00000,0x00000000e9680000)
 ParOldGen       total 268800K, used 94253K [0x0000000081400000, 0x0000000091a80000, 0x00000000d5c00000)
  object space 268800K, 35% used [0x0000000081400000,0x000000008700b560,0x0000000091a80000)
 Metaspace       used 16172K, capacity 16424K, committed 16640K, reserved 1064960K
  class space    used 1963K, capacity 2030K, committed 2048K, reserved 1048576K
Event: 27.330 GC heap after
Heap after GC invocations=9 (full 3):
 PSYoungGen      total 231936K, used 65200K [0x00000000d5c00000, 0x00000000ecd00000, 0x0000000100000000)
  eden space 156672K, 0% used [0x00000000d5c00000,0x00000000d5c00000,0x00000000df500000)
  from space 75264K, 86% used [0x00000000e4d00000,0x00000000e8cac070,0x00000000e9680000)
  to   space 90112K, 0% used [0x00000000df500000,0x00000000df500000,0x00000000e4d00000)
 ParOldGen       total 268800K, used 126661K [0x0000000081400000, 0x0000000091a80000, 0x00000000d5c00000)
  object space 268800K, 47% used [0x0000000081400000,0x0000000088fb1590,0x0000000091a80000)
 Metaspace       used 16172K, capacity 16424K, committed 16640K, reserved 1064960K
  class space    used 1963K, capacity 2030K, committed 2048K, reserved 1048576K
}
Event: 47.169 GC heap before
{Heap before GC invocations=10 (full 3):
 PSYoungGen      total 231936K, used 221872K [0x00000000d5c00000, 0x00000000ecd00000, 0x0000000100000000)
  eden space 156672K, 100% used [0x00000000d5c00000,0x00000000df500000,0x00000000df500000)
  from space 75264K, 86% used [0x00000000e4d00000,0x00000000e8cac070,0x00000000e9680000)
  to   space 90112K, 0% used [0x00000000df500000,0x00000000df500000,0x00000000e4d00000)
 ParOldGen       total 268800K, used 126661K [0x0000000081400000, 0x0000000091a80000, 0x00000000d5c00000)
  object space 268800K, 47% used [0x0000000081400000,0x0000000088fb1590,0x0000000091a80000)
 Metaspace       used 16346K, capacity 16616K, committed 16896K, reserved 1064960K
  class space    used 1963K, capacity 2030K, committed 2048K, reserved 1048576K
Event: 47.188 GC heap after
Heap after GC invocations=10 (full 3):
 PSYoungGen      total 246784K, used 54400K [0x00000000d5c00000, 0x00000000eec00000, 0x0000000100000000)
  eden space 156672K, 0% used [0x00000000d5c00000,0x00000000d5c00000,0x00000000df500000)
  from space 90112K, 60% used [0x00000000df500000,0x00000000e2a20060,0x00000000e4d00000)
  to   space 93696K, 0% used [0x00000000e9080000,0x00000000e9080000,0x00000000eec00000)
 ParOldGen       total 268800K, used 126669K [0x0000000081400000, 0x0000000091a80000, 0x00000000d5c00000)
  object space 268800K, 47% used [0x0000000081400000,0x0000000088fb3590,0x0000000091a80000)
 Metaspace       used 16346K, capacity 16616K, committed 16896K, reserved 1064960K
  class space    used 1963K, capacity 2030K, committed 2048K, reserved 1048576K
}
Event: 421.727 GC heap before
{Heap before GC invocations=11 (full 3):
 PSYoungGen      total 246784K, used 211072K [0x00000000d5c00000, 0x00000000eec00000, 0x0000000100000000)
  eden space 156672K, 100% used [0x00000000d5c00000,0x00000000df500000,0x00000000df500000)
  from space 90112K, 60% used [0x00000000df500000,0x00000000e2a20060,0x00000000e4d00000)
  to   space 93696K, 0% used [0x00000000e9080000,0x00000000e9080000,0x00000000eec00000)
 ParOldGen       total 268800K, used 126669K [0x0000000081400000, 0x0000000091a80000, 0x00000000d5c00000)
  object space 268800K, 47% used [0x0000000081400000,0x0000000088fb3590,0x0000000091a80000)
 Metaspace       used 16842K, capacity 17096K, committed 17536K, reserved 1064960K
  class space    used 1986K, capacity 2062K, committed 2176K, reserved 1048576K
Event: 421.761 GC heap after
Heap after GC invocations=11 (full 3):
 PSYoungGen      total 288256K, used 43780K [0x00000000d5c00000, 0x00000000edb80000, 0x0000000100000000)
  eden space 211456K, 0% used [0x00000000d5c00000,0x00000000d5c00000,0x00000000e2a80000)
  from space 76800K, 57% used [0x00000000e9080000,0x00000000ebb41058,0x00000000edb80000)
  to   space 90624K, 0% used [0x00000000e2a80000,0x00000000e2a80000,0x00000000e8300000)
 ParOldGen       total 268800K, used 126677K [0x0000000081400000, 0x0000000091a80000, 0x00000000d5c00000)
  object space 268800K, 47% used [0x0000000081400000,0x0000000088fb5590,0x0000000091a80000)
 Metaspace       used 16842K, capacity 17096K, committed 17536K, reserved 1064960K
  class space    used 1986K, capacity 2062K, committed 2176K, reserved 1048576K
}

Deoptimization events (10 events):
Event: 2.269 Thread 0x000000001bf65000 Uncommon trap: reason=bimorphic action=maybe_recompile pc=0x000000000399828c method=java.util.HashMap.getNode(ILjava/lang/Object;)Ljava/util/HashMap$Node; @ 126
Event: 2.273 Thread 0x000000001bf65000 Uncommon trap: reason=bimorphic action=maybe_recompile pc=0x000000000399828c method=java.util.HashMap.getNode(ILjava/lang/Object;)Ljava/util/HashMap$Node; @ 126
Event: 2.276 Thread 0x000000001bf65000 Uncommon trap: reason=bimorphic action=maybe_recompile pc=0x000000000397079c method=java.util.HashMap.getNode(ILjava/lang/Object;)Ljava/util/HashMap$Node; @ 126
Event: 2.326 Thread 0x000000001bf65000 Uncommon trap: reason=unstable_if action=reinterpret pc=0x00000000037beb80 method=java.lang.CharacterData.of(I)Ljava/lang/CharacterData; @ 4
Event: 212.637 Thread 0x000000001bf6a800 Uncommon trap: reason=predicate action=maybe_recompile pc=0x0000000003e564f8 method=java.util.AbstractCollection.toArray([Ljava/lang/Object;)[Ljava/lang/Object; @ 49
Event: 217.650 Thread 0x000000001bf6a800 Uncommon trap: reason=array_check action=maybe_recompile pc=0x0000000003e5307c method=java.util.AbstractCollection.toArray([Ljava/lang/Object;)[Ljava/lang/Object; @ 119
Event: 217.650 Thread 0x000000001bf6a800 Uncommon trap: reason=array_check action=maybe_recompile pc=0x0000000003e5307c method=java.util.AbstractCollection.toArray([Ljava/lang/Object;)[Ljava/lang/Object; @ 119
Event: 217.650 Thread 0x000000001bf6a800 Uncommon trap: reason=array_check action=maybe_recompile pc=0x0000000003e5307c method=java.util.AbstractCollection.toArray([Ljava/lang/Object;)[Ljava/lang/Object; @ 119
Event: 217.650 Thread 0x000000001bf6a800 Uncommon trap: reason=array_check action=maybe_recompile pc=0x0000000003e5307c method=java.util.AbstractCollection.toArray([Ljava/lang/Object;)[Ljava/lang/Object; @ 119
Event: 421.762 Thread 0x000000001b876800 Uncommon trap: reason=null_check action=make_not_entrant pc=0x0000000003867d94 method=javax.swing.text.GapContent$MarkData.getPosition()Ljavax/swing/text/GapContent$StickyPosition; @ 4

Internal exceptions (10 events):
Event: 0.155 Thread 0x00000000034ad800 Exception <a 'java/lang/NoSuchFieldError': method resolution failed> (0x00000000d5e8a728) thrown at [C:\re\workspace\8-2-build-windows-amd64-cygwin\jdk8u91\7017\hotspot\src\share\vm\prims\methodHandles.cpp, line 1146]
Event: 0.195 Thread 0x00000000034ad800 Exception <a 'java/io/FileNotFoundException'> (0x00000000d5f1fd90) thrown at [C:\re\workspace\8-2-build-windows-amd64-cygwin\jdk8u91\7017\hotspot\src\share\vm\prims\jni.cpp, line 709]
Event: 0.736 Thread 0x000000001ab36800 Exception <a 'java/io/FileNotFoundException'> (0x00000000d75237e0) thrown at [C:\re\workspace\8-2-build-windows-amd64-cygwin\jdk8u91\7017\hotspot\src\share\vm\prims\jni.cpp, line 709]
Event: 0.737 Thread 0x000000001ab36800 Exception <a 'java/io/FileNotFoundException'> (0x00000000d7523cf0) thrown at [C:\re\workspace\8-2-build-windows-amd64-cygwin\jdk8u91\7017\hotspot\src\share\vm\prims\jni.cpp, line 709]
Event: 0.796 Thread 0x00000000034ad800 Exception <a 'java/io/IOException': CreateProcess error=2, 지정된 파일을 찾을 수 없습니다> (0x00000000d7159518) thrown at [C:\re\workspace\8-2-build-windows-amd64-cygwin\jdk8u91\7017\hotspot\src\share\vm\prims\jni.cpp, line 735]
Event: 0.833 Thread 0x00000000034ad800 Exception <a 'java/io/FileNotFoundException'> (0x00000000d7185d98) thrown at [C:\re\workspace\8-2-build-windows-amd64-cygwin\jdk8u91\7017\hotspot\src\share\vm\prims\jni.cpp, line 709]
Event: 0.833 Thread 0x00000000034ad800 Exception <a 'java/lang/NullPointerException'> (0x00000000d7186440) thrown at [C:\re\workspace\8-2-build-windows-amd64-cygwin\jdk8u91\7017\hotspot\src\share\vm\interpreter\linkResolver.cpp, line 1178]
Event: 2.263 Thread 0x00000000034ad800 Exception <a 'java/io/IOException': CreateProcess error=2, 지정된 파일을 찾을 수 없습니다> (0x00000000d6bb23a8) thrown at [C:\re\workspace\8-2-build-windows-amd64-cygwin\jdk8u91\7017\hotspot\src\share\vm\prims\jni.cpp, line 735]
Event: 2.336 Thread 0x000000001bf65000 Exception <a 'java/lang/UnsatisfiedLinkError': com.pi4j.wiringpi.Gpio.wiringPiSetup()I> (0x00000000d700add0) thrown at [C:\re\workspace\8-2-build-windows-amd64-cygwin\jdk8u91\7017\hotspot\src\share\vm\prims\nativeLookup.cpp, line 378]
Event: 421.762 Thread 0x000000001b876800 Implicit null exception at 0x0000000003867222 to 0x0000000003867d81

Events (10 events):
Event: 438.086 Executing VM operation: RevokeBias
Event: 438.086 Executing VM operation: RevokeBias done
Event: 438.086 Executing VM operation: RevokeBias
Event: 438.087 Executing VM operation: RevokeBias done
Event: 438.087 Executing VM operation: RevokeBias
Event: 438.087 Executing VM operation: RevokeBias done
Event: 443.109 Thread 0x0000000019785000 flushing nmethod 0x0000000003b93610
Event: 443.109 Thread 0x0000000019785000 flushing nmethod 0x0000000003bbc3d0
Event: 451.106 Thread 0x000000001817c800 flushing nmethod 0x0000000003c01cd0
Event: 451.106 Thread 0x000000001817c800 flushing nmethod 0x0000000003c3a410


Dynamic libraries:
0x00007ff642e00000 - 0x00007ff642e37000 	C:\Program Files\Java\jre1.8.0_91\bin\javaw.exe
0x00007ff9bd300000 - 0x00007ff9bd4c1000 	C:\WINDOWS\SYSTEM32\ntdll.dll
0x00007ff9bc2d0000 - 0x00007ff9bc37d000 	C:\WINDOWS\system32\KERNEL32.DLL
0x00007ff9b9db0000 - 0x00007ff9b9f98000 	C:\WINDOWS\system32\KERNELBASE.dll
0x00007ff9bc980000 - 0x00007ff9bca27000 	C:\WINDOWS\system32\ADVAPI32.dll
0x00007ff9bc870000 - 0x00007ff9bc90d000 	C:\WINDOWS\system32\msvcrt.dll
0x00007ff9bcb80000 - 0x00007ff9bcbdb000 	C:\WINDOWS\system32\sechost.dll
0x00007ff9bd010000 - 0x00007ff9bd12c000 	C:\WINDOWS\system32\RPCRT4.dll
0x00007ff9bc540000 - 0x00007ff9bc696000 	C:\WINDOWS\system32\USER32.dll
0x00007ff9bc6e0000 - 0x00007ff9bc866000 	C:\WINDOWS\system32\GDI32.dll
0x00007ff9ac390000 - 0x00007ff9ac604000 	C:\WINDOWS\WinSxS\amd64_microsoft.windows.common-controls_6595b64144ccf1df_6.0.10586.589_none_a2ddb3caa539acce\COMCTL32.dll
0x00007ff9bbc70000 - 0x00007ff9bbeed000 	C:\WINDOWS\system32\combase.dll
0x00007ff9b99b0000 - 0x00007ff9b9a1a000 	C:\WINDOWS\system32\bcryptPrimitives.dll
0x00007ff9bc6a0000 - 0x00007ff9bc6db000 	C:\WINDOWS\system32\IMM32.DLL
0x000000005ec70000 - 0x000000005ed42000 	C:\Program Files\Java\jre1.8.0_91\bin\msvcr100.dll
0x000000005ee20000 - 0x000000005f6b3000 	C:\Program Files\Java\jre1.8.0_91\bin\server\jvm.dll
0x00007ff9bd130000 - 0x00007ff9bd138000 	C:\WINDOWS\system32\PSAPI.DLL
0x00007ff9b0070000 - 0x00007ff9b007a000 	C:\WINDOWS\SYSTEM32\VERSION.dll
0x00007ff9b7b30000 - 0x00007ff9b7b53000 	C:\WINDOWS\SYSTEM32\WINMM.dll
0x00007ff9b61e0000 - 0x00007ff9b61e9000 	C:\WINDOWS\SYSTEM32\WSOCK32.dll
0x00007ff9bc910000 - 0x00007ff9bc97b000 	C:\WINDOWS\system32\WS2_32.dll
0x0000000001760000 - 0x000000000178c000 	C:\WINDOWS\SYSTEM32\WINMMBASE.dll
0x00007ff9b9fa0000 - 0x00007ff9b9fe3000 	C:\WINDOWS\system32\cfgmgr32.dll
0x000000005ee10000 - 0x000000005ee1f000 	C:\Program Files\Java\jre1.8.0_91\bin\verify.dll
0x000000005ede0000 - 0x000000005ee09000 	C:\Program Files\Java\jre1.8.0_91\bin\java.dll
0x000000005edc0000 - 0x000000005edd6000 	C:\Program Files\Java\jre1.8.0_91\bin\zip.dll
0x00007ff9ba700000 - 0x00007ff9bbc5c000 	C:\WINDOWS\system32\SHELL32.dll
0x00007ff9ba0b0000 - 0x00007ff9ba6f5000 	C:\WINDOWS\system32\windows.storage.dll
0x00007ff9bbf50000 - 0x00007ff9bbfa2000 	C:\WINDOWS\system32\shlwapi.dll
0x00007ff9b9920000 - 0x00007ff9b992f000 	C:\WINDOWS\system32\kernel.appcore.dll
0x00007ff9b9ff0000 - 0x00007ff9ba0a5000 	C:\WINDOWS\system32\shcore.dll
0x00007ff9b9930000 - 0x00007ff9b997b000 	C:\WINDOWS\system32\powrprof.dll
0x00007ff9b9980000 - 0x00007ff9b9994000 	C:\WINDOWS\system32\profapi.dll
0x000000005ead0000 - 0x000000005ec68000 	C:\Program Files\Java\jre1.8.0_91\bin\awt.dll
0x00007ff9bc470000 - 0x00007ff9bc536000 	C:\WINDOWS\system32\OLEAUT32.dll
0x00007ff9b8110000 - 0x00007ff9b8189000 	C:\WINDOWS\system32\apphelp.dll
0x00007ff9b75c0000 - 0x00007ff9b75e2000 	C:\WINDOWS\system32\DWMAPI.DLL
0x00007ff9b8380000 - 0x00007ff9b8416000 	C:\WINDOWS\system32\uxtheme.dll
0x00007ff9bc0c0000 - 0x00007ff9bc21a000 	C:\WINDOWS\system32\MSCTF.dll
0x00007ff9bca30000 - 0x00007ff9bcb73000 	C:\WINDOWS\system32\ole32.dll
0x000000005eda0000 - 0x000000005edba000 	C:\Program Files\Java\jre1.8.0_91\bin\net.dll
0x00007ff9b91f0000 - 0x00007ff9b924c000 	C:\WINDOWS\system32\mswsock.dll
0x00007ff9b82a0000 - 0x00007ff9b834a000 	C:\WINDOWS\SYSTEM32\DNSAPI.dll
0x00007ff9bbc60000 - 0x00007ff9bbc68000 	C:\WINDOWS\system32\NSI.dll
0x00007ff9aaab0000 - 0x00007ff9aaaba000 	C:\Windows\System32\rasadhlp.dll
0x00007ff9b6b50000 - 0x00007ff9b6b88000 	C:\WINDOWS\SYSTEM32\IPHLPAPI.DLL
0x00007ff9b16b0000 - 0x00007ff9b1717000 	C:\WINDOWS\System32\fwpuclnt.dll
0x00007ff9b9850000 - 0x00007ff9b9879000 	C:\WINDOWS\SYSTEM32\bcrypt.dll
0x000000005ea80000 - 0x000000005eac7000 	C:\Program Files\Java\jre1.8.0_91\bin\fontmanager.dll
0x00007ff9bc220000 - 0x00007ff9bc2c7000 	C:\WINDOWS\system32\clbcatq.dll
0x00007ff9b6750000 - 0x00007ff9b6901000 	C:\WINDOWS\SYSTEM32\WindowsCodecs.dll
0x000000005ed80000 - 0x000000005ed91000 	C:\Program Files\Java\jre1.8.0_91\bin\nio.dll
0x000000005ea30000 - 0x000000005ea72000 	C:\Program Files\Java\jre1.8.0_91\bin\t2k.dll
0x00007ff9a0430000 - 0x00007ff9a047a000 	C:\WINDOWS\system32\dataexchange.dll
0x00007ff9b72f0000 - 0x00007ff9b7598000 	C:\WINDOWS\system32\d3d11.dll
0x00007ff9b7d20000 - 0x00007ff9b7e03000 	C:\WINDOWS\system32\dcomp.dll
0x00007ff9b7240000 - 0x00007ff9b72e2000 	C:\WINDOWS\system32\dxgi.dll
0x00007ff9b8440000 - 0x00007ff9b8540000 	C:\WINDOWS\system32\twinapi.appcore.dll
0x00007ff9abb20000 - 0x00007ff9abbe8000 	C:\Windows\System32\IME\IMEKR\imkrtip.dll
0x00007ff9b7790000 - 0x00007ff9b7916000 	C:\WINDOWS\SYSTEM32\PROPSYS.dll
0x00007ff9ab9a0000 - 0x00007ff9abafa000 	C:\Windows\System32\IME\shared\imetip.dll
0x00007ff9ab930000 - 0x00007ff9ab99a000 	C:\WINDOWS\SYSTEM32\OLEACC.dll
0x00007ff9ab770000 - 0x00007ff9ab923000 	C:\WINDOWS\SYSTEM32\DUI70.dll
0x00007ff9abc60000 - 0x00007ff9abc97000 	C:\Windows\System32\IME\IMEKR\imkrapi.dll
0x00007ff9abc20000 - 0x00007ff9abc59000 	C:\Windows\System32\IME\shared\imjkapi.dll
0x00007ff9b8e10000 - 0x00007ff9b8e41000 	C:\WINDOWS\SYSTEM32\ntmarta.dll
0x000000005e9f0000 - 0x000000005ea21000 	C:\Program Files\Java\jre1.8.0_91\bin\jpeg.dll
0x000000005e9c0000 - 0x000000005e9ea000 	C:\Program Files\Java\jre1.8.0_91\bin\dcpr.dll

VM Arguments:
jvm_args: -Dfile.encoding=MS949 
java_command: refrigerator.MainFrame
java_class_path (initial): C:\Users\Park\Documents\GitHub\RaspberryPi\Raspberry\bin;C:\Users\Park\Documents\GitHub\RaspberryPi\Raspberry\lib\json-simple-1.1.1.jar;C:\Users\Park\Documents\GitHub\RaspberryPi\Raspberry\lib\junit.jar;C:\Users\Park\Documents\GitHub\RaspberryPi\Raspberry\lib\pi4j-core-javadoc.jar;C:\Users\Park\Documents\GitHub\RaspberryPi\Raspberry\lib\pi4j-core-sources.jar;C:\Users\Park\Documents\GitHub\RaspberryPi\Raspberry\lib\pi4j-core.jar;C:\Users\Park\Documents\GitHub\RaspberryPi\Raspberry\lib\pi4j-device-javadoc.jar;C:\Users\Park\Documents\GitHub\RaspberryPi\Raspberry\lib\pi4j-device-sources.jar;C:\Users\Park\Documents\GitHub\RaspberryPi\Raspberry\lib\pi4j-device.jar;C:\Users\Park\Documents\GitHub\RaspberryPi\Raspberry\lib\pi4j-example-javadoc.jar;C:\Users\Park\Documents\GitHub\RaspberryPi\Raspberry\lib\pi4j-example-sources.jar;C:\Users\Park\Documents\GitHub\RaspberryPi\Raspberry\lib\pi4j-example.jar;C:\Users\Park\Documents\GitHub\RaspberryPi\Raspberry\lib\pi4j-gpio-extension-javadoc.jar;C:\Users\Park\Documents\GitHub\RaspberryPi\Raspberry\lib\pi4j-gpio-extension-sources.jar;C:\Users\Park\Documents\GitHub\RaspberryPi\Raspberry\lib\pi4j-gpio-extension.jar;C:\Users\Park\Documents\GitHub\RaspberryPi\Raspberry\lib\pi4j-service-javadoc.jar;C:\Users\Park\Documents\GitHub\RaspberryPi\Raspberry\lib\pi4j-service-sources.jar;C:\Users\Park\Documents\GitHub\RaspberryPi\Raspberry\lib\pi4j-service.jar;C:\Users\Park\Documents\GitHub\RaspberryPi\Raspberry\lib\poi-3.10.1-20140818.jar;C:\Users\Park\Documents\GitHub\RaspberryPi\Raspberry\lib\mysql-connector-java-5.1.13-bin.jar
Launcher Type: SUN_STANDARD

Environment Variables:
JAVA_HOME=C:\Program Files\Java\jdk1.8.0_77
PATH=C:/Program Files/Java/jre1.8.0_91/bin/server;C:/Program Files/Java/jre1.8.0_91/bin;C:/Program Files/Java/jre1.8.0_91/lib/amd64;C:\ProgramData\Oracle\Java\javapath;C:\Program Files (x86)\Intel\iCLS Client\;C:\Program Files\Intel\iCLS Client\;C:\WINDOWS\system32;C:\WINDOWS;C:\WINDOWS\System32\Wbem;C:\WINDOWS\System32\WindowsPowerShell\v1.0\;C:\MinGW\bin\;C:\WINDOWS\system32\config\systemprofile\.dnx\bin;C:\Program Files\Microsoft DNX\Dnvm\;C:\Program Files (x86)\Windows Kits\8.1\Windows Performance Toolkit\;C:\Program Files\Microsoft SQL Server\120\Tools\Binn\;C:\Program Files (x86)\Intel\Intel(R) Management Engine Components\DAL;C:\Program Files\Intel\Intel(R) Management Engine Components\DAL;C:\Program Files (x86)\Intel\Intel(R) Management Engine Components\IPT;C:\Program Files\Intel\Intel(R) Management Engine Components\IPT;C:\Program Files\Java\jdk1.8.0_77bin;C:\Program Files (x86)\Skype\Phone\;C:\Users\Park\Desktop\Park\eclipse;
USERNAME=Park
OS=Windows_NT
PROCESSOR_IDENTIFIER=Intel64 Family 6 Model 61 Stepping 4, GenuineIntel



---------------  S Y S T E M  ---------------

OS: Windows 10.0 , 64 bit Build 10586 (10.0.10586.589)

CPU:total 4 (2 cores per cpu, 2 threads per core) family 6 model 61 stepping 4, cmov, cx8, fxsr, mmx, sse, sse2, sse3, ssse3, sse4.1, sse4.2, popcnt, avx, avx2, aes, clmul, erms, 3dnowpref, lzcnt, ht, tsc, tscinvbit, bmi1, bmi2, adx

Memory: 4k page, physical 8301096k(1828160k free), swap 16292140k(2820k free)

vm_info: Java HotSpot(TM) 64-Bit Server VM (25.91-b15) for windows-amd64 JRE (1.8.0_91-b15), built on May 20 2016 17:43:15 by "java_re" with MS VC++ 10.0 (VS2010)

time: Mon Sep 26 21:06:45 2016
elapsed time: 452 seconds (0d 0h 7m 32s)

